<?xml version="1.0" encoding="UTF-8"?>
<!-- Generated by org.testng.reporters.JUnitXMLReporter -->
<testsuite ignored="4" hostname="DESKTOP-S0OT7OH" failures="0" tests="2" name="TestRunner2" time="412.203" errors="0" timestamp="2023-03-02T20:10:52 IST">
  <testcase classname="Organization.CreateOrganizationTest" name="CreateOrganization" time="60.95"/>
  <testcase classname="Product.CreateProductTest" name="CreateProduct" time="44.666"/>
  <testcase classname="Generic_Utilities.BaseClass" name="@BeforeSuite BS" time="0.0">
    <ignored/>
  </testcase> <!-- @BeforeSuite BS -->
  <testcase classname="Generic_Utilities.BaseClass" name="@BeforeTest BT" time="0.0">
    <ignored/>
  </testcase> <!-- @BeforeTest BT -->
  <testcase classname="Generic_Utilities.BaseClass" name="@AfterSuite AS" time="0.0">
    <ignored/>
  </testcase> <!-- @AfterSuite AS -->
  <testcase classname="Generic_Utilities.BaseClass" name="@AfterTest AT" time="0.0">
    <ignored/>
  </testcase> <!-- @AfterTest AT -->
</testsuite> <!-- TestRunner2 -->
